{"name": "test_title", "status": "failed", "statusDetails": {"message": "AssertionError: assert 'ToolsQA' == 'ToolsQAV'\n  - ToolsQAV\n  ?        -\n  + ToolsQA", "trace": "self = <tests.test_browser_launch.TestGoogle object at 0x0000017014C3D8B0>\n\n    def test_title(self):\n        self.driver.get(\"https://demoqa.com/\")\n>       assert self.driver.title == \"ToolsQAV\"\nE       AssertionError: assert 'ToolsQA' == 'ToolsQAV'\nE         - ToolsQAV\nE         ?        -\nE         + ToolsQA\n\ntests\\test_browser_launch.py:11: AssertionError"}, "attachments": [{"name": "stdout", "source": "8f519ded-3bcd-4644-b656-8a39e5e0b3a0-attachment.txt", "type": "text/plain"}], "start": 1603353374552, "stop": 1603353398195, "uuid": "5f9c797c-079b-43e1-96b3-50ea43b38ec0", "historyId": "67b0325835f602478596ed76f60be622", "testCaseId": "5bd3d111cfe7f4317913f6ac95381790", "fullName": "tests.test_browser_launch.TestGoogle#test_title", "labels": [{"name": "tag", "value": "@pytest.mark.usefixtures('driver_get', 'test_data', 'create_logger_file', 'config_data')"}, {"name": "parentSuite", "value": "tests"}, {"name": "suite", "value": "test_browser_launch"}, {"name": "subSuite", "value": "TestGoogle"}, {"name": "host", "value": "IN-IT2755"}, {"name": "thread", "value": "28252-MainThread"}, {"name": "framework", "value": "pytest"}, {"name": "language", "value": "cpython3"}, {"name": "package", "value": "tests.test_browser_launch"}]}